{"/Users/andrew/Documents/Hack Reactor/HR10Knights/doozy/server.js":{"path":"/Users/andrew/Documents/Hack Reactor/HR10Knights/doozy/server.js","s":{"1":1,"2":1,"3":1,"4":1,"5":1,"6":1,"7":1,"8":1,"9":1,"10":1,"11":1,"12":1,"13":1,"14":1,"15":1,"16":1,"17":1,"18":1,"19":1,"20":1,"21":1,"22":1,"23":1,"24":1,"25":1},"b":{},"f":{},"fnMap":{},"statementMap":{"1":{"start":{"line":1,"column":0},"end":{"line":1,"column":33}},"2":{"start":{"line":2,"column":0},"end":{"line":2,"column":27}},"3":{"start":{"line":3,"column":0},"end":{"line":3,"column":39}},"4":{"start":{"line":4,"column":0},"end":{"line":4,"column":31}},"5":{"start":{"line":5,"column":0},"end":{"line":5,"column":44}},"6":{"start":{"line":6,"column":0},"end":{"line":6,"column":40}},"7":{"start":{"line":8,"column":0},"end":{"line":8,"column":39}},"8":{"start":{"line":9,"column":0},"end":{"line":9,"column":38}},"9":{"start":{"line":10,"column":0},"end":{"line":10,"column":38}},"10":{"start":{"line":11,"column":0},"end":{"line":11,"column":38}},"11":{"start":{"line":12,"column":0},"end":{"line":12,"column":44}},"12":{"start":{"line":13,"column":0},"end":{"line":13,"column":29}},"13":{"start":{"line":14,"column":0},"end":{"line":14,"column":20}},"14":{"start":{"line":23,"column":0},"end":{"line":23,"column":23}},"15":{"start":{"line":24,"column":0},"end":{"line":24,"column":27}},"16":{"start":{"line":25,"column":0},"end":{"line":25,"column":52}},"17":{"start":{"line":26,"column":0},"end":{"line":26,"column":24}},"18":{"start":{"line":29,"column":0},"end":{"line":29,"column":57}},"19":{"start":{"line":33,"column":0},"end":{"line":33,"column":24}},"20":{"start":{"line":34,"column":0},"end":{"line":34,"column":29}},"21":{"start":{"line":35,"column":0},"end":{"line":35,"column":29}},"22":{"start":{"line":36,"column":0},"end":{"line":36,"column":35}},"23":{"start":{"line":37,"column":0},"end":{"line":37,"column":29}},"24":{"start":{"line":38,"column":0},"end":{"line":38,"column":35}},"25":{"start":{"line":44,"column":0},"end":{"line":44,"column":21}}},"branchMap":{}},"/Users/andrew/Documents/Hack Reactor/HR10Knights/doozy/routes/index.js":{"path":"/Users/andrew/Documents/Hack Reactor/HR10Knights/doozy/routes/index.js","s":{"1":1,"2":1,"3":1,"4":1,"5":1,"6":1,"7":1,"8":0,"9":1,"10":6,"11":6,"12":6,"13":6,"14":1,"15":5,"16":5,"17":2,"18":2,"19":1,"20":1,"21":1,"22":0,"23":1,"24":1,"25":1,"26":0,"27":1,"28":1,"29":1,"30":1,"31":3,"32":3,"33":3,"34":3,"35":3,"36":3,"37":3,"38":0,"39":3,"40":3,"41":3,"42":0,"43":3,"44":3,"45":3,"46":0,"47":1,"48":4,"49":4,"50":4,"51":4,"52":4,"53":3,"54":3,"55":2,"56":2,"57":1,"58":1,"59":1,"60":1,"61":1,"62":1},"b":{"1":[1,5],"2":[6,5,5],"3":[2,3],"4":[1,1],"5":[0,1],"6":[0,1],"7":[3,0],"8":[0,3],"9":[0,3],"10":[3,1],"11":[2,1],"12":[1,1]},"f":{"1":0,"2":6,"3":5,"4":2,"5":1,"6":1,"7":3,"8":3,"9":3,"10":3,"11":4,"12":4,"13":3,"14":2},"fnMap":{"1":{"name":"(anonymous_1)","line":9,"loc":{"start":{"line":9,"column":16},"end":{"line":9,"column":41}}},"2":{"name":"(anonymous_2)","line":15,"loc":{"start":{"line":15,"column":23},"end":{"line":15,"column":48}}},"3":{"name":"(anonymous_3)","line":22,"loc":{"start":{"line":22,"column":35},"end":{"line":22,"column":55}}},"4":{"name":"(anonymous_4)","line":24,"loc":{"start":{"line":24,"column":43},"end":{"line":24,"column":63}}},"5":{"name":"(anonymous_5)","line":30,"loc":{"start":{"line":30,"column":25},"end":{"line":30,"column":48}}},"6":{"name":"(anonymous_6)","line":35,"loc":{"start":{"line":35,"column":26},"end":{"line":35,"column":40}}},"7":{"name":"(anonymous_7)","line":54,"loc":{"start":{"line":54,"column":18},"end":{"line":54,"column":41}}},"8":{"name":"(anonymous_8)","line":55,"loc":{"start":{"line":55,"column":45},"end":{"line":55,"column":65}}},"9":{"name":"(anonymous_9)","line":61,"loc":{"start":{"line":61,"column":27},"end":{"line":61,"column":50}}},"10":{"name":"(anonymous_10)","line":66,"loc":{"start":{"line":66,"column":31},"end":{"line":66,"column":45}}},"11":{"name":"(anonymous_11)","line":91,"loc":{"start":{"line":91,"column":22},"end":{"line":91,"column":47}}},"12":{"name":"(anonymous_12)","line":96,"loc":{"start":{"line":96,"column":33},"end":{"line":96,"column":53}}},"13":{"name":"(anonymous_13)","line":98,"loc":{"start":{"line":98,"column":41},"end":{"line":98,"column":61}}},"14":{"name":"(anonymous_14)","line":100,"loc":{"start":{"line":100,"column":41},"end":{"line":100,"column":57}}}},"statementMap":{"1":{"start":{"line":1,"column":0},"end":{"line":1,"column":33}},"2":{"start":{"line":2,"column":0},"end":{"line":2,"column":30}},"3":{"start":{"line":3,"column":0},"end":{"line":3,"column":37}},"4":{"start":{"line":4,"column":0},"end":{"line":4,"column":37}},"5":{"start":{"line":5,"column":0},"end":{"line":5,"column":32}},"6":{"start":{"line":6,"column":0},"end":{"line":6,"column":30}},"7":{"start":{"line":9,"column":0},"end":{"line":11,"column":3}},"8":{"start":{"line":10,"column":2},"end":{"line":10,"column":44}},"9":{"start":{"line":15,"column":0},"end":{"line":85,"column":3}},"10":{"start":{"line":16,"column":2},"end":{"line":16,"column":35}},"11":{"start":{"line":17,"column":2},"end":{"line":17,"column":35}},"12":{"start":{"line":18,"column":2},"end":{"line":18,"column":35}},"13":{"start":{"line":19,"column":2},"end":{"line":84,"column":3}},"14":{"start":{"line":20,"column":4},"end":{"line":20,"column":44}},"15":{"start":{"line":22,"column":4},"end":{"line":83,"column":7}},"16":{"start":{"line":23,"column":6},"end":{"line":82,"column":7}},"17":{"start":{"line":24,"column":8},"end":{"line":49,"column":11}},"18":{"start":{"line":25,"column":10},"end":{"line":48,"column":11}},"19":{"start":{"line":26,"column":12},"end":{"line":29,"column":15}},"20":{"start":{"line":30,"column":12},"end":{"line":45,"column":15}},"21":{"start":{"line":31,"column":14},"end":{"line":44,"column":15}},"22":{"start":{"line":32,"column":16},"end":{"line":32,"column":35}},"23":{"start":{"line":34,"column":16},"end":{"line":34,"column":41}},"24":{"start":{"line":35,"column":16},"end":{"line":43,"column":19}},"25":{"start":{"line":36,"column":18},"end":{"line":42,"column":19}},"26":{"start":{"line":37,"column":20},"end":{"line":37,"column":39}},"27":{"start":{"line":39,"column":20},"end":{"line":39,"column":62}},"28":{"start":{"line":40,"column":20},"end":{"line":40,"column":36}},"29":{"start":{"line":41,"column":20},"end":{"line":41,"column":45}},"30":{"start":{"line":47,"column":12},"end":{"line":47,"column":52}},"31":{"start":{"line":51,"column":8},"end":{"line":53,"column":11}},"32":{"start":{"line":54,"column":8},"end":{"line":81,"column":11}},"33":{"start":{"line":55,"column":10},"end":{"line":80,"column":13}},"34":{"start":{"line":56,"column":12},"end":{"line":79,"column":13}},"35":{"start":{"line":57,"column":14},"end":{"line":60,"column":17}},"36":{"start":{"line":61,"column":14},"end":{"line":76,"column":17}},"37":{"start":{"line":62,"column":16},"end":{"line":75,"column":17}},"38":{"start":{"line":63,"column":18},"end":{"line":63,"column":37}},"39":{"start":{"line":65,"column":18},"end":{"line":65,"column":46}},"40":{"start":{"line":66,"column":18},"end":{"line":74,"column":21}},"41":{"start":{"line":67,"column":20},"end":{"line":73,"column":21}},"42":{"start":{"line":68,"column":22},"end":{"line":68,"column":41}},"43":{"start":{"line":70,"column":22},"end":{"line":70,"column":64}},"44":{"start":{"line":71,"column":22},"end":{"line":71,"column":38}},"45":{"start":{"line":72,"column":22},"end":{"line":72,"column":47}},"46":{"start":{"line":78,"column":14},"end":{"line":78,"column":54}},"47":{"start":{"line":91,"column":0},"end":{"line":116,"column":3}},"48":{"start":{"line":92,"column":2},"end":{"line":92,"column":35}},"49":{"start":{"line":93,"column":2},"end":{"line":93,"column":35}},"50":{"start":{"line":94,"column":2},"end":{"line":94,"column":35}},"51":{"start":{"line":96,"column":2},"end":{"line":115,"column":5}},"52":{"start":{"line":97,"column":4},"end":{"line":114,"column":5}},"53":{"start":{"line":98,"column":6},"end":{"line":111,"column":9}},"54":{"start":{"line":99,"column":8},"end":{"line":110,"column":9}},"55":{"start":{"line":100,"column":10},"end":{"line":107,"column":13}},"56":{"start":{"line":101,"column":12},"end":{"line":106,"column":13}},"57":{"start":{"line":102,"column":14},"end":{"line":102,"column":53}},"58":{"start":{"line":103,"column":14},"end":{"line":103,"column":39}},"59":{"start":{"line":105,"column":14},"end":{"line":105,"column":62}},"60":{"start":{"line":109,"column":10},"end":{"line":109,"column":58}},"61":{"start":{"line":113,"column":6},"end":{"line":113,"column":50}},"62":{"start":{"line":118,"column":0},"end":{"line":118,"column":24}}},"branchMap":{"1":{"line":19,"type":"if","locations":[{"start":{"line":19,"column":2},"end":{"line":19,"column":2}},{"start":{"line":19,"column":2},"end":{"line":19,"column":2}}]},"2":{"line":19,"type":"binary-expr","locations":[{"start":{"line":19,"column":6},"end":{"line":19,"column":21}},{"start":{"line":19,"column":25},"end":{"line":19,"column":40}},{"start":{"line":19,"column":44},"end":{"line":19,"column":59}}]},"3":{"line":23,"type":"if","locations":[{"start":{"line":23,"column":6},"end":{"line":23,"column":6}},{"start":{"line":23,"column":6},"end":{"line":23,"column":6}}]},"4":{"line":25,"type":"if","locations":[{"start":{"line":25,"column":10},"end":{"line":25,"column":10}},{"start":{"line":25,"column":10},"end":{"line":25,"column":10}}]},"5":{"line":31,"type":"if","locations":[{"start":{"line":31,"column":14},"end":{"line":31,"column":14}},{"start":{"line":31,"column":14},"end":{"line":31,"column":14}}]},"6":{"line":36,"type":"if","locations":[{"start":{"line":36,"column":18},"end":{"line":36,"column":18}},{"start":{"line":36,"column":18},"end":{"line":36,"column":18}}]},"7":{"line":56,"type":"if","locations":[{"start":{"line":56,"column":12},"end":{"line":56,"column":12}},{"start":{"line":56,"column":12},"end":{"line":56,"column":12}}]},"8":{"line":62,"type":"if","locations":[{"start":{"line":62,"column":16},"end":{"line":62,"column":16}},{"start":{"line":62,"column":16},"end":{"line":62,"column":16}}]},"9":{"line":67,"type":"if","locations":[{"start":{"line":67,"column":20},"end":{"line":67,"column":20}},{"start":{"line":67,"column":20},"end":{"line":67,"column":20}}]},"10":{"line":97,"type":"if","locations":[{"start":{"line":97,"column":4},"end":{"line":97,"column":4}},{"start":{"line":97,"column":4},"end":{"line":97,"column":4}}]},"11":{"line":99,"type":"if","locations":[{"start":{"line":99,"column":8},"end":{"line":99,"column":8}},{"start":{"line":99,"column":8},"end":{"line":99,"column":8}}]},"12":{"line":101,"type":"if","locations":[{"start":{"line":101,"column":12},"end":{"line":101,"column":12}},{"start":{"line":101,"column":12},"end":{"line":101,"column":12}}]}}},"/Users/andrew/Documents/Hack Reactor/HR10Knights/doozy/models/team.js":{"path":"/Users/andrew/Documents/Hack Reactor/HR10Knights/doozy/models/team.js","s":{"1":1,"2":1,"3":1,"4":1},"b":{},"f":{},"fnMap":{},"statementMap":{"1":{"start":{"line":1,"column":0},"end":{"line":1,"column":30}},"2":{"start":{"line":2,"column":0},"end":{"line":2,"column":35}},"3":{"start":{"line":4,"column":0},"end":{"line":4,"column":50}},"4":{"start":{"line":7,"column":0},"end":{"line":7,"column":22}}},"branchMap":{}},"/Users/andrew/Documents/Hack Reactor/HR10Knights/doozy/config.js":{"path":"/Users/andrew/Documents/Hack Reactor/HR10Knights/doozy/config.js","s":{"1":1,"2":1,"3":1,"4":0,"5":1,"6":1,"7":0,"8":1,"9":1,"10":1,"11":1,"12":1,"13":11,"14":11,"15":1,"16":4,"17":4,"18":1},"b":{"1":[0,1],"2":[1,0]},"f":{"1":11,"2":11,"3":4,"4":4},"fnMap":{"1":{"name":"(anonymous_1)","line":43,"loc":{"start":{"line":43,"column":6},"end":{"line":43,"column":21}}},"2":{"name":"(anonymous_2)","line":54,"loc":{"start":{"line":54,"column":6},"end":{"line":54,"column":28}}},"3":{"name":"(anonymous_3)","line":78,"loc":{"start":{"line":78,"column":6},"end":{"line":78,"column":21}}},"4":{"name":"(anonymous_4)","line":89,"loc":{"start":{"line":89,"column":6},"end":{"line":89,"column":28}}}},"statementMap":{"1":{"start":{"line":1,"column":0},"end":{"line":1,"column":35}},"2":{"start":{"line":2,"column":0},"end":{"line":2,"column":29}},"3":{"start":{"line":4,"column":0},"end":{"line":10,"column":1}},"4":{"start":{"line":5,"column":2},"end":{"line":5,"column":45}},"5":{"start":{"line":6,"column":7},"end":{"line":10,"column":1}},"6":{"start":{"line":7,"column":2},"end":{"line":7,"column":52}},"7":{"start":{"line":9,"column":2},"end":{"line":9,"column":48}},"8":{"start":{"line":12,"column":0},"end":{"line":12,"column":29}},"9":{"start":{"line":13,"column":0},"end":{"line":13,"column":65}},"10":{"start":{"line":16,"column":0},"end":{"line":23,"column":3}},"11":{"start":{"line":26,"column":0},"end":{"line":32,"column":3}},"12":{"start":{"line":35,"column":0},"end":{"line":67,"column":3}},"13":{"start":{"line":44,"column":8},"end":{"line":44,"column":39}},"14":{"start":{"line":55,"column":8},"end":{"line":55,"column":46}},"15":{"start":{"line":70,"column":0},"end":{"line":97,"column":3}},"16":{"start":{"line":79,"column":8},"end":{"line":79,"column":39}},"17":{"start":{"line":90,"column":8},"end":{"line":90,"column":46}},"18":{"start":{"line":101,"column":0},"end":{"line":101,"column":20}}},"branchMap":{"1":{"line":4,"type":"if","locations":[{"start":{"line":4,"column":0},"end":{"line":4,"column":0}},{"start":{"line":4,"column":0},"end":{"line":4,"column":0}}]},"2":{"line":6,"type":"if","locations":[{"start":{"line":6,"column":7},"end":{"line":6,"column":7}},{"start":{"line":6,"column":7},"end":{"line":6,"column":7}}]}}},"/Users/andrew/Documents/Hack Reactor/HR10Knights/doozy/models/user.js":{"path":"/Users/andrew/Documents/Hack Reactor/HR10Knights/doozy/models/user.js","s":{"1":1,"2":1,"3":1,"4":1,"5":1,"6":9,"7":9,"8":9,"9":9,"10":1,"11":1,"12":3,"13":3,"14":1},"b":{},"f":{"1":9,"2":9,"3":3,"4":3},"fnMap":{"1":{"name":"(anonymous_1)","line":7,"loc":{"start":{"line":7,"column":27},"end":{"line":7,"column":48}}},"2":{"name":"(anonymous_2)","line":9,"loc":{"start":{"line":9,"column":43},"end":{"line":9,"column":63}}},"3":{"name":"(anonymous_3)","line":18,"loc":{"start":{"line":18,"column":33},"end":{"line":18,"column":71}}},"4":{"name":"(anonymous_4)","line":19,"loc":{"start":{"line":19,"column":53},"end":{"line":19,"column":76}}}},"statementMap":{"1":{"start":{"line":1,"column":0},"end":{"line":1,"column":30}},"2":{"start":{"line":2,"column":0},"end":{"line":2,"column":38}},"3":{"start":{"line":3,"column":0},"end":{"line":3,"column":34}},"4":{"start":{"line":4,"column":0},"end":{"line":4,"column":35}},"5":{"start":{"line":7,"column":0},"end":{"line":13,"column":3}},"6":{"start":{"line":8,"column":4},"end":{"line":8,"column":20}},"7":{"start":{"line":9,"column":4},"end":{"line":12,"column":7}},"8":{"start":{"line":10,"column":6},"end":{"line":10,"column":27}},"9":{"start":{"line":11,"column":6},"end":{"line":11,"column":13}},"10":{"start":{"line":15,"column":0},"end":{"line":15,"column":50}},"11":{"start":{"line":18,"column":0},"end":{"line":22,"column":2}},"12":{"start":{"line":19,"column":4},"end":{"line":21,"column":7}},"13":{"start":{"line":20,"column":8},"end":{"line":20,"column":26}},"14":{"start":{"line":24,"column":0},"end":{"line":24,"column":22}}},"branchMap":{}},"/Users/andrew/Documents/Hack Reactor/HR10Knights/doozy/util.js":{"path":"/Users/andrew/Documents/Hack Reactor/HR10Knights/doozy/util.js","s":{"1":1,"2":1,"3":15,"4":15,"5":15,"6":15,"7":15,"8":0,"9":15,"10":15,"11":15,"12":15,"13":0,"14":0,"15":1},"b":{"1":[15,0],"2":[15,0]},"f":{"1":15},"fnMap":{"1":{"name":"(anonymous_1)","line":4,"loc":{"start":{"line":4,"column":10},"end":{"line":4,"column":35}}}},"statementMap":{"1":{"start":{"line":1,"column":0},"end":{"line":1,"column":32}},"2":{"start":{"line":2,"column":0},"end":{"line":26,"column":1}},"3":{"start":{"line":5,"column":4},"end":{"line":5,"column":46}},"4":{"start":{"line":6,"column":4},"end":{"line":6,"column":13}},"5":{"start":{"line":7,"column":4},"end":{"line":13,"column":5}},"6":{"start":{"line":8,"column":6},"end":{"line":12,"column":7}},"7":{"start":{"line":9,"column":8},"end":{"line":9,"column":295}},"8":{"start":{"line":11,"column":8},"end":{"line":11,"column":29}},"9":{"start":{"line":15,"column":4},"end":{"line":24,"column":5}},"10":{"start":{"line":18,"column":6},"end":{"line":18,"column":41}},"11":{"start":{"line":19,"column":6},"end":{"line":19,"column":22}},"12":{"start":{"line":20,"column":6},"end":{"line":20,"column":13}},"13":{"start":{"line":22,"column":6},"end":{"line":22,"column":37}},"14":{"start":{"line":23,"column":6},"end":{"line":23,"column":25}},"15":{"start":{"line":28,"column":0},"end":{"line":28,"column":22}}},"branchMap":{"1":{"line":7,"type":"if","locations":[{"start":{"line":7,"column":4},"end":{"line":7,"column":4}},{"start":{"line":7,"column":4},"end":{"line":7,"column":4}}]},"2":{"line":8,"type":"if","locations":[{"start":{"line":8,"column":6},"end":{"line":8,"column":6}},{"start":{"line":8,"column":6},"end":{"line":8,"column":6}}]}}},"/Users/andrew/Documents/Hack Reactor/HR10Knights/doozy/routes/users.js":{"path":"/Users/andrew/Documents/Hack Reactor/HR10Knights/doozy/routes/users.js","s":{"1":1,"2":1,"3":1,"4":1,"5":1,"6":1,"7":2,"8":2,"9":2,"10":2,"11":2,"12":1,"13":1,"14":1,"15":1,"16":1,"17":1,"18":0,"19":0,"20":1,"21":1,"22":1,"23":1,"24":1},"b":{"1":[1,1],"2":[1,0],"3":[1,0]},"f":{"1":2,"2":2,"3":1,"4":1,"5":1,"6":1},"fnMap":{"1":{"name":"(anonymous_1)","line":7,"loc":{"start":{"line":7,"column":24},"end":{"line":7,"column":49}}},"2":{"name":"(anonymous_2)","line":12,"loc":{"start":{"line":12,"column":33},"end":{"line":12,"column":53}}},"3":{"name":"(anonymous_3)","line":14,"loc":{"start":{"line":14,"column":41},"end":{"line":14,"column":61}}},"4":{"name":"(anonymous_4)","line":16,"loc":{"start":{"line":16,"column":41},"end":{"line":16,"column":57}}},"5":{"name":"(anonymous_5)","line":35,"loc":{"start":{"line":35,"column":16},"end":{"line":35,"column":41}}},"6":{"name":"(anonymous_6)","line":37,"loc":{"start":{"line":37,"column":32},"end":{"line":37,"column":53}}}},"statementMap":{"1":{"start":{"line":1,"column":0},"end":{"line":1,"column":33}},"2":{"start":{"line":2,"column":0},"end":{"line":2,"column":30}},"3":{"start":{"line":3,"column":0},"end":{"line":3,"column":37}},"4":{"start":{"line":4,"column":0},"end":{"line":4,"column":37}},"5":{"start":{"line":5,"column":0},"end":{"line":5,"column":30}},"6":{"start":{"line":7,"column":0},"end":{"line":32,"column":3}},"7":{"start":{"line":8,"column":2},"end":{"line":8,"column":35}},"8":{"start":{"line":9,"column":2},"end":{"line":9,"column":35}},"9":{"start":{"line":10,"column":2},"end":{"line":10,"column":35}},"10":{"start":{"line":12,"column":2},"end":{"line":31,"column":5}},"11":{"start":{"line":13,"column":4},"end":{"line":30,"column":5}},"12":{"start":{"line":14,"column":6},"end":{"line":27,"column":9}},"13":{"start":{"line":15,"column":8},"end":{"line":26,"column":9}},"14":{"start":{"line":16,"column":10},"end":{"line":23,"column":13}},"15":{"start":{"line":17,"column":12},"end":{"line":22,"column":13}},"16":{"start":{"line":18,"column":14},"end":{"line":18,"column":28}},"17":{"start":{"line":19,"column":14},"end":{"line":19,"column":46}},"18":{"start":{"line":21,"column":14},"end":{"line":21,"column":62}},"19":{"start":{"line":25,"column":10},"end":{"line":25,"column":58}},"20":{"start":{"line":29,"column":6},"end":{"line":29,"column":50}},"21":{"start":{"line":35,"column":0},"end":{"line":41,"column":3}},"22":{"start":{"line":37,"column":2},"end":{"line":40,"column":5}},"23":{"start":{"line":39,"column":4},"end":{"line":39,"column":32}},"24":{"start":{"line":43,"column":0},"end":{"line":43,"column":24}}},"branchMap":{"1":{"line":13,"type":"if","locations":[{"start":{"line":13,"column":4},"end":{"line":13,"column":4}},{"start":{"line":13,"column":4},"end":{"line":13,"column":4}}]},"2":{"line":15,"type":"if","locations":[{"start":{"line":15,"column":8},"end":{"line":15,"column":8}},{"start":{"line":15,"column":8},"end":{"line":15,"column":8}}]},"3":{"line":17,"type":"if","locations":[{"start":{"line":17,"column":12},"end":{"line":17,"column":12}},{"start":{"line":17,"column":12},"end":{"line":17,"column":12}}]}}},"/Users/andrew/Documents/Hack Reactor/HR10Knights/doozy/routes/teams.js":{"path":"/Users/andrew/Documents/Hack Reactor/HR10Knights/doozy/routes/teams.js","s":{"1":1,"2":1,"3":1,"4":1,"5":1,"6":1,"7":1,"8":1,"9":2,"10":2,"11":2,"12":1,"13":1,"14":1,"15":2,"16":2,"17":2,"18":1,"19":1,"20":1,"21":1,"22":0,"23":1,"24":1},"b":{"1":[1,1],"2":[1,1],"3":[0,1]},"f":{"1":1,"2":1,"3":2,"4":2,"5":2,"6":2,"7":1},"fnMap":{"1":{"name":"(anonymous_1)","line":7,"loc":{"start":{"line":7,"column":16},"end":{"line":7,"column":41}}},"2":{"name":"(anonymous_2)","line":8,"loc":{"start":{"line":8,"column":16},"end":{"line":8,"column":37}}},"3":{"name":"(anonymous_3)","line":17,"loc":{"start":{"line":17,"column":22},"end":{"line":17,"column":47}}},"4":{"name":"(anonymous_4)","line":19,"loc":{"start":{"line":19,"column":26},"end":{"line":19,"column":47}}},"5":{"name":"(anonymous_5)","line":30,"loc":{"start":{"line":30,"column":23},"end":{"line":30,"column":48}}},"6":{"name":"(anonymous_6)","line":32,"loc":{"start":{"line":32,"column":29},"end":{"line":32,"column":49}}},"7":{"name":"(anonymous_7)","line":39,"loc":{"start":{"line":39,"column":19},"end":{"line":39,"column":42}}}},"statementMap":{"1":{"start":{"line":1,"column":0},"end":{"line":1,"column":33}},"2":{"start":{"line":2,"column":0},"end":{"line":2,"column":30}},"3":{"start":{"line":3,"column":0},"end":{"line":3,"column":37}},"4":{"start":{"line":5,"column":0},"end":{"line":5,"column":30}},"5":{"start":{"line":7,"column":0},"end":{"line":12,"column":3}},"6":{"start":{"line":8,"column":2},"end":{"line":11,"column":5}},"7":{"start":{"line":10,"column":4},"end":{"line":10,"column":32}},"8":{"start":{"line":17,"column":0},"end":{"line":26,"column":3}},"9":{"start":{"line":18,"column":2},"end":{"line":18,"column":28}},"10":{"start":{"line":19,"column":2},"end":{"line":25,"column":5}},"11":{"start":{"line":20,"column":4},"end":{"line":24,"column":5}},"12":{"start":{"line":21,"column":6},"end":{"line":21,"column":33}},"13":{"start":{"line":23,"column":6},"end":{"line":23,"column":34}},"14":{"start":{"line":30,"column":0},"end":{"line":48,"column":3}},"15":{"start":{"line":31,"column":2},"end":{"line":31,"column":27}},"16":{"start":{"line":32,"column":2},"end":{"line":47,"column":5}},"17":{"start":{"line":33,"column":4},"end":{"line":46,"column":5}},"18":{"start":{"line":34,"column":6},"end":{"line":34,"column":42}},"19":{"start":{"line":36,"column":6},"end":{"line":38,"column":9}},"20":{"start":{"line":39,"column":6},"end":{"line":45,"column":9}},"21":{"start":{"line":40,"column":8},"end":{"line":44,"column":9}},"22":{"start":{"line":41,"column":10},"end":{"line":41,"column":35}},"23":{"start":{"line":43,"column":10},"end":{"line":43,"column":30}},"24":{"start":{"line":50,"column":0},"end":{"line":50,"column":24}}},"branchMap":{"1":{"line":20,"type":"if","locations":[{"start":{"line":20,"column":4},"end":{"line":20,"column":4}},{"start":{"line":20,"column":4},"end":{"line":20,"column":4}}]},"2":{"line":33,"type":"if","locations":[{"start":{"line":33,"column":4},"end":{"line":33,"column":4}},{"start":{"line":33,"column":4},"end":{"line":33,"column":4}}]},"3":{"line":40,"type":"if","locations":[{"start":{"line":40,"column":8},"end":{"line":40,"column":8}},{"start":{"line":40,"column":8},"end":{"line":40,"column":8}}]}}},"/Users/andrew/Documents/Hack Reactor/HR10Knights/doozy/routes/tasks.js":{"path":"/Users/andrew/Documents/Hack Reactor/HR10Knights/doozy/routes/tasks.js","s":{"1":1,"2":1,"3":1,"4":1,"5":1,"6":1,"7":1,"8":1,"9":1,"10":1,"11":1,"12":1,"13":1,"14":1,"15":6,"16":6,"17":0,"18":0,"19":6,"20":6,"21":6,"22":6,"23":6,"24":6,"25":0,"26":0,"27":6,"28":1,"29":4,"30":4,"31":4,"32":4,"33":4,"34":1,"35":3,"36":1,"37":3,"38":3,"39":3,"40":3,"41":1,"42":1,"43":2,"44":2,"45":1,"46":1,"47":1,"48":1,"49":1,"50":1,"51":1,"52":0,"53":1,"54":1},"b":{"1":[0,6],"2":[0,6],"3":[4,4],"4":[1,3],"5":[1,2],"6":[1,1],"7":[0,1]},"f":{"1":1,"2":1,"3":1,"4":1,"5":6,"6":6,"7":6,"8":4,"9":4,"10":3,"11":3,"12":2,"13":1,"14":1},"fnMap":{"1":{"name":"(anonymous_1)","line":9,"loc":{"start":{"line":9,"column":16},"end":{"line":9,"column":41}}},"2":{"name":"(anonymous_2)","line":10,"loc":{"start":{"line":10,"column":39},"end":{"line":10,"column":60}}},"3":{"name":"(anonymous_3)","line":16,"loc":{"start":{"line":16,"column":19},"end":{"line":16,"column":44}}},"4":{"name":"(anonymous_4)","line":18,"loc":{"start":{"line":18,"column":50},"end":{"line":18,"column":71}}},"5":{"name":"(anonymous_5)","line":24,"loc":{"start":{"line":24,"column":19},"end":{"line":24,"column":44}}},"6":{"name":"(anonymous_6)","line":25,"loc":{"start":{"line":25,"column":36},"end":{"line":25,"column":56}}},"7":{"name":"(anonymous_7)","line":35,"loc":{"start":{"line":35,"column":14},"end":{"line":35,"column":35}}},"8":{"name":"(anonymous_8)","line":47,"loc":{"start":{"line":47,"column":17},"end":{"line":47,"column":42}}},"9":{"name":"(anonymous_9)","line":56,"loc":{"start":{"line":56,"column":15},"end":{"line":56,"column":38}}},"10":{"name":"(anonymous_10)","line":67,"loc":{"start":{"line":67,"column":23},"end":{"line":67,"column":48}}},"11":{"name":"(anonymous_11)","line":71,"loc":{"start":{"line":71,"column":28},"end":{"line":71,"column":48}}},"12":{"name":"(anonymous_12)","line":76,"loc":{"start":{"line":76,"column":30},"end":{"line":76,"column":50}}},"13":{"name":"(anonymous_13)","line":83,"loc":{"start":{"line":83,"column":16},"end":{"line":83,"column":33}}},"14":{"name":"(anonymous_14)","line":84,"loc":{"start":{"line":84,"column":18},"end":{"line":84,"column":35}}}},"statementMap":{"1":{"start":{"line":1,"column":0},"end":{"line":1,"column":33}},"2":{"start":{"line":2,"column":0},"end":{"line":2,"column":30}},"3":{"start":{"line":3,"column":0},"end":{"line":3,"column":35}},"4":{"start":{"line":4,"column":0},"end":{"line":4,"column":37}},"5":{"start":{"line":5,"column":0},"end":{"line":5,"column":37}},"6":{"start":{"line":7,"column":0},"end":{"line":7,"column":30}},"7":{"start":{"line":9,"column":0},"end":{"line":13,"column":3}},"8":{"start":{"line":10,"column":2},"end":{"line":12,"column":5}},"9":{"start":{"line":11,"column":4},"end":{"line":11,"column":32}},"10":{"start":{"line":16,"column":0},"end":{"line":21,"column":3}},"11":{"start":{"line":17,"column":2},"end":{"line":17,"column":54}},"12":{"start":{"line":18,"column":2},"end":{"line":20,"column":5}},"13":{"start":{"line":19,"column":4},"end":{"line":19,"column":32}},"14":{"start":{"line":24,"column":0},"end":{"line":43,"column":3}},"15":{"start":{"line":25,"column":2},"end":{"line":42,"column":5}},"16":{"start":{"line":26,"column":4},"end":{"line":29,"column":5}},"17":{"start":{"line":27,"column":6},"end":{"line":27,"column":31}},"18":{"start":{"line":28,"column":6},"end":{"line":28,"column":13}},"19":{"start":{"line":30,"column":4},"end":{"line":30,"column":30}},"20":{"start":{"line":31,"column":4},"end":{"line":31,"column":44}},"21":{"start":{"line":32,"column":4},"end":{"line":32,"column":44}},"22":{"start":{"line":33,"column":4},"end":{"line":33,"column":32}},"23":{"start":{"line":35,"column":4},"end":{"line":41,"column":7}},"24":{"start":{"line":36,"column":6},"end":{"line":39,"column":7}},"25":{"start":{"line":37,"column":8},"end":{"line":37,"column":33}},"26":{"start":{"line":38,"column":8},"end":{"line":38,"column":15}},"27":{"start":{"line":40,"column":6},"end":{"line":40,"column":26}},"28":{"start":{"line":47,"column":0},"end":{"line":63,"column":3}},"29":{"start":{"line":48,"column":2},"end":{"line":48,"column":35}},"30":{"start":{"line":49,"column":2},"end":{"line":49,"column":50}},"31":{"start":{"line":51,"column":2},"end":{"line":55,"column":5}},"32":{"start":{"line":56,"column":2},"end":{"line":62,"column":5}},"33":{"start":{"line":57,"column":4},"end":{"line":61,"column":5}},"34":{"start":{"line":58,"column":6},"end":{"line":58,"column":31}},"35":{"start":{"line":60,"column":6},"end":{"line":60,"column":26}},"36":{"start":{"line":67,"column":0},"end":{"line":94,"column":3}},"37":{"start":{"line":68,"column":2},"end":{"line":68,"column":27}},"38":{"start":{"line":69,"column":2},"end":{"line":69,"column":27}},"39":{"start":{"line":71,"column":2},"end":{"line":93,"column":5}},"40":{"start":{"line":72,"column":4},"end":{"line":75,"column":5}},"41":{"start":{"line":73,"column":6},"end":{"line":73,"column":31}},"42":{"start":{"line":74,"column":6},"end":{"line":74,"column":13}},"43":{"start":{"line":76,"column":4},"end":{"line":92,"column":7}},"44":{"start":{"line":77,"column":6},"end":{"line":80,"column":7}},"45":{"start":{"line":78,"column":8},"end":{"line":78,"column":33}},"46":{"start":{"line":79,"column":8},"end":{"line":79,"column":15}},"47":{"start":{"line":81,"column":6},"end":{"line":81,"column":28}},"48":{"start":{"line":82,"column":6},"end":{"line":82,"column":28}},"49":{"start":{"line":83,"column":6},"end":{"line":91,"column":9}},"50":{"start":{"line":84,"column":8},"end":{"line":90,"column":11}},"51":{"start":{"line":85,"column":10},"end":{"line":89,"column":11}},"52":{"start":{"line":86,"column":12},"end":{"line":86,"column":37}},"53":{"start":{"line":88,"column":12},"end":{"line":88,"column":32}},"54":{"start":{"line":95,"column":0},"end":{"line":95,"column":24}}},"branchMap":{"1":{"line":26,"type":"if","locations":[{"start":{"line":26,"column":4},"end":{"line":26,"column":4}},{"start":{"line":26,"column":4},"end":{"line":26,"column":4}}]},"2":{"line":36,"type":"if","locations":[{"start":{"line":36,"column":6},"end":{"line":36,"column":6}},{"start":{"line":36,"column":6},"end":{"line":36,"column":6}}]},"3":{"line":48,"type":"binary-expr","locations":[{"start":{"line":48,"column":14},"end":{"line":48,"column":28}},{"start":{"line":48,"column":32},"end":{"line":48,"column":34}}]},"4":{"line":57,"type":"if","locations":[{"start":{"line":57,"column":4},"end":{"line":57,"column":4}},{"start":{"line":57,"column":4},"end":{"line":57,"column":4}}]},"5":{"line":72,"type":"if","locations":[{"start":{"line":72,"column":4},"end":{"line":72,"column":4}},{"start":{"line":72,"column":4},"end":{"line":72,"column":4}}]},"6":{"line":77,"type":"if","locations":[{"start":{"line":77,"column":6},"end":{"line":77,"column":6}},{"start":{"line":77,"column":6},"end":{"line":77,"column":6}}]},"7":{"line":85,"type":"if","locations":[{"start":{"line":85,"column":10},"end":{"line":85,"column":10}},{"start":{"line":85,"column":10},"end":{"line":85,"column":10}}]}}},"/Users/andrew/Documents/Hack Reactor/HR10Knights/doozy/models/task.js":{"path":"/Users/andrew/Documents/Hack Reactor/HR10Knights/doozy/models/task.js","s":{"1":1,"2":1,"3":1,"4":1},"b":{},"f":{},"fnMap":{},"statementMap":{"1":{"start":{"line":1,"column":0},"end":{"line":1,"column":30}},"2":{"start":{"line":2,"column":0},"end":{"line":2,"column":35}},"3":{"start":{"line":4,"column":0},"end":{"line":4,"column":50}},"4":{"start":{"line":7,"column":0},"end":{"line":7,"column":22}}},"branchMap":{}},"/Users/andrew/Documents/Hack Reactor/HR10Knights/doozy/routes/projects.js":{"path":"/Users/andrew/Documents/Hack Reactor/HR10Knights/doozy/routes/projects.js","s":{"1":1,"2":1,"3":1,"4":1,"5":1,"6":1,"7":0,"8":1,"9":1,"10":5,"11":5,"12":5,"13":5,"14":0,"15":5,"16":1,"17":4,"18":4,"19":4,"20":3,"21":1,"22":1},"b":{"1":[0,1],"2":[0,5],"3":[1,4],"4":[3,1]},"f":{"1":1,"2":1,"3":5,"4":5,"5":4},"fnMap":{"1":{"name":"(anonymous_1)","line":5,"loc":{"start":{"line":5,"column":16},"end":{"line":5,"column":42}}},"2":{"name":"(anonymous_2)","line":6,"loc":{"start":{"line":6,"column":20},"end":{"line":6,"column":45}}},"3":{"name":"(anonymous_3)","line":17,"loc":{"start":{"line":17,"column":23},"end":{"line":17,"column":48}}},"4":{"name":"(anonymous_4)","line":20,"loc":{"start":{"line":20,"column":32},"end":{"line":20,"column":55}}},"5":{"name":"(anonymous_5)","line":32,"loc":{"start":{"line":32,"column":22},"end":{"line":32,"column":48}}}},"statementMap":{"1":{"start":{"line":1,"column":0},"end":{"line":1,"column":33}},"2":{"start":{"line":2,"column":0},"end":{"line":2,"column":30}},"3":{"start":{"line":3,"column":0},"end":{"line":3,"column":43}},"4":{"start":{"line":5,"column":0},"end":{"line":13,"column":3}},"5":{"start":{"line":6,"column":2},"end":{"line":12,"column":5}},"6":{"start":{"line":7,"column":4},"end":{"line":9,"column":5}},"7":{"start":{"line":8,"column":6},"end":{"line":8,"column":31}},"8":{"start":{"line":11,"column":4},"end":{"line":11,"column":35}},"9":{"start":{"line":17,"column":0},"end":{"line":41,"column":3}},"10":{"start":{"line":18,"column":2},"end":{"line":18,"column":41}},"11":{"start":{"line":19,"column":2},"end":{"line":19,"column":27}},"12":{"start":{"line":20,"column":2},"end":{"line":40,"column":5}},"13":{"start":{"line":21,"column":4},"end":{"line":23,"column":5}},"14":{"start":{"line":22,"column":6},"end":{"line":22,"column":31}},"15":{"start":{"line":25,"column":4},"end":{"line":39,"column":5}},"16":{"start":{"line":26,"column":6},"end":{"line":26,"column":53}},"17":{"start":{"line":28,"column":6},"end":{"line":31,"column":9}},"18":{"start":{"line":32,"column":6},"end":{"line":38,"column":9}},"19":{"start":{"line":33,"column":8},"end":{"line":37,"column":9}},"20":{"start":{"line":34,"column":10},"end":{"line":34,"column":35}},"21":{"start":{"line":36,"column":10},"end":{"line":36,"column":30}},"22":{"start":{"line":43,"column":0},"end":{"line":43,"column":24}}},"branchMap":{"1":{"line":7,"type":"if","locations":[{"start":{"line":7,"column":4},"end":{"line":7,"column":4}},{"start":{"line":7,"column":4},"end":{"line":7,"column":4}}]},"2":{"line":21,"type":"if","locations":[{"start":{"line":21,"column":4},"end":{"line":21,"column":4}},{"start":{"line":21,"column":4},"end":{"line":21,"column":4}}]},"3":{"line":25,"type":"if","locations":[{"start":{"line":25,"column":4},"end":{"line":25,"column":4}},{"start":{"line":25,"column":4},"end":{"line":25,"column":4}}]},"4":{"line":33,"type":"if","locations":[{"start":{"line":33,"column":8},"end":{"line":33,"column":8}},{"start":{"line":33,"column":8},"end":{"line":33,"column":8}}]}}},"/Users/andrew/Documents/Hack Reactor/HR10Knights/doozy/models/project.js":{"path":"/Users/andrew/Documents/Hack Reactor/HR10Knights/doozy/models/project.js","s":{"1":1,"2":1,"3":1,"4":1},"b":{},"f":{},"fnMap":{},"statementMap":{"1":{"start":{"line":1,"column":0},"end":{"line":1,"column":30}},"2":{"start":{"line":2,"column":0},"end":{"line":2,"column":35}},"3":{"start":{"line":4,"column":0},"end":{"line":4,"column":59}},"4":{"start":{"line":7,"column":0},"end":{"line":7,"column":25}}},"branchMap":{}}}