TN:
SF:/Users/andrew/Documents/Hack Reactor/HR10Knights/doozy/server.js
FNF:0
FNH:0
DA:1,1
DA:2,1
DA:3,1
DA:4,1
DA:5,1
DA:6,1
DA:8,1
DA:9,1
DA:10,1
DA:11,1
DA:12,1
DA:13,1
DA:14,1
DA:23,1
DA:24,1
DA:25,1
DA:26,1
DA:29,1
DA:33,1
DA:34,1
DA:35,1
DA:36,1
DA:37,1
DA:38,1
DA:44,1
LF:25
LH:25
BRF:0
BRH:0
end_of_record
TN:
SF:/Users/andrew/Documents/Hack Reactor/HR10Knights/doozy/routes/index.js
FN:9,(anonymous_1)
FN:15,(anonymous_2)
FN:22,(anonymous_3)
FN:24,(anonymous_4)
FN:30,(anonymous_5)
FN:35,(anonymous_6)
FN:54,(anonymous_7)
FN:55,(anonymous_8)
FN:61,(anonymous_9)
FN:66,(anonymous_10)
FN:91,(anonymous_11)
FN:96,(anonymous_12)
FN:98,(anonymous_13)
FN:100,(anonymous_14)
FNF:14
FNH:13
FNDA:0,(anonymous_1)
FNDA:6,(anonymous_2)
FNDA:5,(anonymous_3)
FNDA:2,(anonymous_4)
FNDA:1,(anonymous_5)
FNDA:1,(anonymous_6)
FNDA:3,(anonymous_7)
FNDA:3,(anonymous_8)
FNDA:3,(anonymous_9)
FNDA:3,(anonymous_10)
FNDA:4,(anonymous_11)
FNDA:4,(anonymous_12)
FNDA:3,(anonymous_13)
FNDA:2,(anonymous_14)
DA:1,1
DA:2,1
DA:3,1
DA:4,1
DA:5,1
DA:6,1
DA:9,1
DA:10,0
DA:15,1
DA:16,6
DA:17,6
DA:18,6
DA:19,6
DA:20,1
DA:22,5
DA:23,5
DA:24,2
DA:25,2
DA:26,1
DA:30,1
DA:31,1
DA:32,0
DA:34,1
DA:35,1
DA:36,1
DA:37,0
DA:39,1
DA:40,1
DA:41,1
DA:47,1
DA:51,3
DA:54,3
DA:55,3
DA:56,3
DA:57,3
DA:61,3
DA:62,3
DA:63,0
DA:65,3
DA:66,3
DA:67,3
DA:68,0
DA:70,3
DA:71,3
DA:72,3
DA:78,0
DA:91,1
DA:92,4
DA:93,4
DA:94,4
DA:96,4
DA:97,4
DA:98,3
DA:99,3
DA:100,2
DA:101,2
DA:102,1
DA:103,1
DA:105,1
DA:109,1
DA:113,1
DA:118,1
LF:62
LH:56
BRDA:19,1,0,1
BRDA:19,1,1,5
BRDA:19,2,0,6
BRDA:19,2,1,5
BRDA:19,2,2,5
BRDA:23,3,0,2
BRDA:23,3,1,3
BRDA:25,4,0,1
BRDA:25,4,1,1
BRDA:31,5,0,0
BRDA:31,5,1,1
BRDA:36,6,0,0
BRDA:36,6,1,1
BRDA:56,7,0,3
BRDA:56,7,1,0
BRDA:62,8,0,0
BRDA:62,8,1,3
BRDA:67,9,0,0
BRDA:67,9,1,3
BRDA:97,10,0,3
BRDA:97,10,1,1
BRDA:99,11,0,2
BRDA:99,11,1,1
BRDA:101,12,0,1
BRDA:101,12,1,1
BRF:25
BRH:20
end_of_record
TN:
SF:/Users/andrew/Documents/Hack Reactor/HR10Knights/doozy/models/team.js
FNF:0
FNH:0
DA:1,1
DA:2,1
DA:4,1
DA:7,1
LF:4
LH:4
BRF:0
BRH:0
end_of_record
TN:
SF:/Users/andrew/Documents/Hack Reactor/HR10Knights/doozy/config.js
FN:43,(anonymous_1)
FN:54,(anonymous_2)
FN:78,(anonymous_3)
FN:89,(anonymous_4)
FNF:4
FNH:4
FNDA:11,(anonymous_1)
FNDA:11,(anonymous_2)
FNDA:4,(anonymous_3)
FNDA:4,(anonymous_4)
DA:1,1
DA:2,1
DA:4,1
DA:5,0
DA:6,1
DA:7,1
DA:9,0
DA:12,1
DA:13,1
DA:16,1
DA:26,1
DA:35,1
DA:44,11
DA:55,11
DA:70,1
DA:79,4
DA:90,4
DA:101,1
LF:18
LH:16
BRDA:4,1,0,0
BRDA:4,1,1,1
BRDA:6,2,0,1
BRDA:6,2,1,0
BRF:4
BRH:2
end_of_record
TN:
SF:/Users/andrew/Documents/Hack Reactor/HR10Knights/doozy/models/user.js
FN:7,(anonymous_1)
FN:9,(anonymous_2)
FN:18,(anonymous_3)
FN:19,(anonymous_4)
FNF:4
FNH:4
FNDA:9,(anonymous_1)
FNDA:9,(anonymous_2)
FNDA:3,(anonymous_3)
FNDA:3,(anonymous_4)
DA:1,1
DA:2,1
DA:3,1
DA:4,1
DA:7,1
DA:8,9
DA:9,9
DA:10,9
DA:11,9
DA:15,1
DA:18,1
DA:19,3
DA:20,3
DA:24,1
LF:14
LH:14
BRF:0
BRH:0
end_of_record
TN:
SF:/Users/andrew/Documents/Hack Reactor/HR10Knights/doozy/util.js
FN:4,(anonymous_1)
FNF:1
FNH:1
FNDA:15,(anonymous_1)
DA:1,1
DA:2,1
DA:5,15
DA:6,15
DA:7,15
DA:8,15
DA:9,15
DA:11,0
DA:15,15
DA:18,15
DA:19,15
DA:20,15
DA:22,0
DA:23,0
DA:28,1
LF:15
LH:12
BRDA:7,1,0,15
BRDA:7,1,1,0
BRDA:8,2,0,15
BRDA:8,2,1,0
BRF:4
BRH:2
end_of_record
TN:
SF:/Users/andrew/Documents/Hack Reactor/HR10Knights/doozy/routes/users.js
FN:7,(anonymous_1)
FN:12,(anonymous_2)
FN:14,(anonymous_3)
FN:16,(anonymous_4)
FN:35,(anonymous_5)
FN:37,(anonymous_6)
FNF:6
FNH:6
FNDA:2,(anonymous_1)
FNDA:2,(anonymous_2)
FNDA:1,(anonymous_3)
FNDA:1,(anonymous_4)
FNDA:1,(anonymous_5)
FNDA:1,(anonymous_6)
DA:1,1
DA:2,1
DA:3,1
DA:4,1
DA:5,1
DA:7,1
DA:8,2
DA:9,2
DA:10,2
DA:12,2
DA:13,2
DA:14,1
DA:15,1
DA:16,1
DA:17,1
DA:18,1
DA:19,1
DA:21,0
DA:25,0
DA:29,1
DA:35,1
DA:37,1
DA:39,1
DA:43,1
LF:24
LH:22
BRDA:13,1,0,1
BRDA:13,1,1,1
BRDA:15,2,0,1
BRDA:15,2,1,0
BRDA:17,3,0,1
BRDA:17,3,1,0
BRF:6
BRH:4
end_of_record
TN:
SF:/Users/andrew/Documents/Hack Reactor/HR10Knights/doozy/routes/teams.js
FN:7,(anonymous_1)
FN:8,(anonymous_2)
FN:17,(anonymous_3)
FN:19,(anonymous_4)
FN:30,(anonymous_5)
FN:32,(anonymous_6)
FN:39,(anonymous_7)
FNF:7
FNH:7
FNDA:1,(anonymous_1)
FNDA:1,(anonymous_2)
FNDA:2,(anonymous_3)
FNDA:2,(anonymous_4)
FNDA:2,(anonymous_5)
FNDA:2,(anonymous_6)
FNDA:1,(anonymous_7)
DA:1,1
DA:2,1
DA:3,1
DA:5,1
DA:7,1
DA:8,1
DA:10,1
DA:17,1
DA:18,2
DA:19,2
DA:20,2
DA:21,1
DA:23,1
DA:30,1
DA:31,2
DA:32,2
DA:33,2
DA:34,1
DA:36,1
DA:39,1
DA:40,1
DA:41,0
DA:43,1
DA:50,1
LF:24
LH:23
BRDA:20,1,0,1
BRDA:20,1,1,1
BRDA:33,2,0,1
BRDA:33,2,1,1
BRDA:40,3,0,0
BRDA:40,3,1,1
BRF:6
BRH:5
end_of_record
TN:
SF:/Users/andrew/Documents/Hack Reactor/HR10Knights/doozy/routes/tasks.js
FN:9,(anonymous_1)
FN:10,(anonymous_2)
FN:16,(anonymous_3)
FN:18,(anonymous_4)
FN:24,(anonymous_5)
FN:25,(anonymous_6)
FN:35,(anonymous_7)
FN:47,(anonymous_8)
FN:56,(anonymous_9)
FN:67,(anonymous_10)
FN:71,(anonymous_11)
FN:76,(anonymous_12)
FN:83,(anonymous_13)
FN:84,(anonymous_14)
FNF:14
FNH:14
FNDA:1,(anonymous_1)
FNDA:1,(anonymous_2)
FNDA:1,(anonymous_3)
FNDA:1,(anonymous_4)
FNDA:6,(anonymous_5)
FNDA:6,(anonymous_6)
FNDA:6,(anonymous_7)
FNDA:4,(anonymous_8)
FNDA:4,(anonymous_9)
FNDA:3,(anonymous_10)
FNDA:3,(anonymous_11)
FNDA:2,(anonymous_12)
FNDA:1,(anonymous_13)
FNDA:1,(anonymous_14)
DA:1,1
DA:2,1
DA:3,1
DA:4,1
DA:5,1
DA:7,1
DA:9,1
DA:10,1
DA:11,1
DA:16,1
DA:17,1
DA:18,1
DA:19,1
DA:24,1
DA:25,6
DA:26,6
DA:27,0
DA:28,0
DA:30,6
DA:31,6
DA:32,6
DA:33,6
DA:35,6
DA:36,6
DA:37,0
DA:38,0
DA:40,6
DA:47,1
DA:48,4
DA:49,4
DA:51,4
DA:56,4
DA:57,4
DA:58,1
DA:60,3
DA:67,1
DA:68,3
DA:69,3
DA:71,3
DA:72,3
DA:73,1
DA:74,1
DA:76,2
DA:77,2
DA:78,1
DA:79,1
DA:81,1
DA:82,1
DA:83,1
DA:84,1
DA:85,1
DA:86,0
DA:88,1
DA:95,1
LF:54
LH:49
BRDA:26,1,0,0
BRDA:26,1,1,6
BRDA:36,2,0,0
BRDA:36,2,1,6
BRDA:48,3,0,4
BRDA:48,3,1,4
BRDA:57,4,0,1
BRDA:57,4,1,3
BRDA:72,5,0,1
BRDA:72,5,1,2
BRDA:77,6,0,1
BRDA:77,6,1,1
BRDA:85,7,0,0
BRDA:85,7,1,1
BRF:14
BRH:11
end_of_record
TN:
SF:/Users/andrew/Documents/Hack Reactor/HR10Knights/doozy/models/task.js
FNF:0
FNH:0
DA:1,1
DA:2,1
DA:4,1
DA:7,1
LF:4
LH:4
BRF:0
BRH:0
end_of_record
TN:
SF:/Users/andrew/Documents/Hack Reactor/HR10Knights/doozy/routes/projects.js
FN:5,(anonymous_1)
FN:6,(anonymous_2)
FN:17,(anonymous_3)
FN:20,(anonymous_4)
FN:32,(anonymous_5)
FNF:5
FNH:5
FNDA:1,(anonymous_1)
FNDA:1,(anonymous_2)
FNDA:5,(anonymous_3)
FNDA:5,(anonymous_4)
FNDA:4,(anonymous_5)
DA:1,1
DA:2,1
DA:3,1
DA:5,1
DA:6,1
DA:7,1
DA:8,0
DA:11,1
DA:17,1
DA:18,5
DA:19,5
DA:20,5
DA:21,5
DA:22,0
DA:25,5
DA:26,1
DA:28,4
DA:32,4
DA:33,4
DA:34,3
DA:36,1
DA:43,1
LF:22
LH:20
BRDA:7,1,0,0
BRDA:7,1,1,1
BRDA:21,2,0,0
BRDA:21,2,1,5
BRDA:25,3,0,1
BRDA:25,3,1,4
BRDA:33,4,0,3
BRDA:33,4,1,1
BRF:8
BRH:6
end_of_record
TN:
SF:/Users/andrew/Documents/Hack Reactor/HR10Knights/doozy/models/project.js
FNF:0
FNH:0
DA:1,1
DA:2,1
DA:4,1
DA:7,1
LF:4
LH:4
BRF:0
BRH:0
end_of_record
